{"C:\\SIE-Shared\\Projects\\Tests\\Anglo\\boiler-plate\\AACommoditiesDashboardUi\\src\\app\\commodities\\api\\commodities.service.ts": {"path":"C:\\SIE-Shared\\Projects\\Tests\\Anglo\\boiler-plate\\AACommoditiesDashboardUi\\src\\app\\commodities\\api\\commodities.service.ts","statementMap":{"0":{"start":{"line":1,"column":0},"end":{"line":1,"column":43}},"1":{"start":{"line":2,"column":0},"end":{"line":2,"column":9}},"2":{"start":{"line":3,"column":0},"end":{"line":3,"column":49}},"3":{"start":{"line":4,"column":0},"end":{"line":4,"column":64}},"4":{"start":{"line":5,"column":0},"end":{"line":5,"column":55}},"5":{"start":{"line":13,"column":31},"end":{"line":78,"column":null}},"6":{"start":{"line":29,"column":24},"end":{"line":29,"column":30}},"7":{"start":{"line":14,"column":12},"end":{"line":14,"column":49}},"8":{"start":{"line":16,"column":12},"end":{"line":16,"column":72}},"9":{"start":{"line":18,"column":12},"end":{"line":27,"column":6}},"10":{"start":{"line":32,"column":17},"end":{"line":35,"column":null}},"11":{"start":{"line":34,"column":21},"end":{"line":34,"column":57}},"12":{"start":{"line":37,"column":8},"end":{"line":37,"column":57}},"13":{"start":{"line":37,"column":27},"end":{"line":37,"column":55}},"14":{"start":{"line":38,"column":8},"end":{"line":38,"column":19}},"15":{"start":{"line":42,"column":8},"end":{"line":46,"column":14}},"16":{"start":{"line":44,"column":25},"end":{"line":44,"column":57}},"17":{"start":{"line":50,"column":8},"end":{"line":54,"column":14}},"18":{"start":{"line":52,"column":25},"end":{"line":52,"column":54}},"19":{"start":{"line":58,"column":8},"end":{"line":58,"column":51}},"20":{"start":{"line":62,"column":8},"end":{"line":62,"column":54}},"21":{"start":{"line":66,"column":8},"end":{"line":76,"column":10}},"22":{"start":{"line":69,"column":12},"end":{"line":69,"column":33}},"23":{"start":{"line":72,"column":12},"end":{"line":72,"column":62}},"24":{"start":{"line":75,"column":12},"end":{"line":75,"column":35}},"25":{"start":{"line":13,"column":13},"end":{"line":78,"column":null}},"26":{"start":{"line":13,"column":13},"end":{"line":13,"column":31}}},"fnMap":{"0":{"name":"(anonymous_0)","decl":{"start":{"line":29,"column":4},"end":{"line":29,"column":24}},"loc":{"start":{"line":29,"column":40},"end":{"line":29,"column":45}}},"1":{"name":"(anonymous_1)","decl":{"start":{"line":31,"column":4},"end":{"line":31,"column":8}},"loc":{"start":{"line":31,"column":8},"end":{"line":39,"column":5}}},"2":{"name":"(anonymous_2)","decl":{"start":{"line":34,"column":16},"end":{"line":34,"column":17}},"loc":{"start":{"line":34,"column":21},"end":{"line":34,"column":57}}},"3":{"name":"(anonymous_3)","decl":{"start":{"line":37,"column":22},"end":{"line":37,"column":23}},"loc":{"start":{"line":37,"column":27},"end":{"line":37,"column":55}}},"4":{"name":"(anonymous_4)","decl":{"start":{"line":41,"column":4},"end":{"line":41,"column":19}},"loc":{"start":{"line":41,"column":19},"end":{"line":47,"column":5}}},"5":{"name":"(anonymous_5)","decl":{"start":{"line":44,"column":20},"end":{"line":44,"column":21}},"loc":{"start":{"line":44,"column":25},"end":{"line":44,"column":57}}},"6":{"name":"(anonymous_6)","decl":{"start":{"line":49,"column":4},"end":{"line":49,"column":16}},"loc":{"start":{"line":49,"column":27},"end":{"line":55,"column":5}}},"7":{"name":"(anonymous_7)","decl":{"start":{"line":52,"column":20},"end":{"line":52,"column":21}},"loc":{"start":{"line":52,"column":25},"end":{"line":52,"column":54}}},"8":{"name":"(anonymous_8)","decl":{"start":{"line":57,"column":4},"end":{"line":57,"column":23}},"loc":{"start":{"line":57,"column":23},"end":{"line":59,"column":5}}},"9":{"name":"(anonymous_9)","decl":{"start":{"line":61,"column":12},"end":{"line":61,"column":15}},"loc":{"start":{"line":61,"column":31},"end":{"line":63,"column":5}}},"10":{"name":"(anonymous_10)","decl":{"start":{"line":65,"column":12},"end":{"line":65,"column":23}},"loc":{"start":{"line":65,"column":62},"end":{"line":77,"column":5}}},"11":{"name":"(anonymous_11)","decl":{"start":{"line":66,"column":15},"end":{"line":66,"column":16}},"loc":{"start":{"line":66,"column":45},"end":{"line":76,"column":9}}}},"branchMap":{"0":{"loc":{"start":{"line":65,"column":27},"end":{"line":65,"column":50}},"type":"default-arg","locations":[{"start":{"line":65,"column":39},"end":{"line":65,"column":50}}]}},"s":{"0":1,"1":1,"2":1,"3":1,"4":1,"5":1,"6":0,"7":0,"8":0,"9":0,"10":0,"11":0,"12":0,"13":0,"14":0,"15":0,"16":0,"17":0,"18":0,"19":0,"20":0,"21":0,"22":0,"23":0,"24":0,"25":1,"26":1},"f":{"0":0,"1":0,"2":0,"3":0,"4":0,"5":0,"6":0,"7":0,"8":0,"9":0,"10":0,"11":0},"b":{"0":[0]}}
,"C:\\SIE-Shared\\Projects\\Tests\\Anglo\\boiler-plate\\AACommoditiesDashboardUi\\src\\environments\\environment.ts": {"path":"C:\\SIE-Shared\\Projects\\Tests\\Anglo\\boiler-plate\\AACommoditiesDashboardUi\\src\\environments\\environment.ts","statementMap":{"0":{"start":{"line":1,"column":13},"end":{"line":4,"column":2}}},"fnMap":{},"branchMap":{},"s":{"0":1},"f":{},"b":{}}
}
